<?xml version="1.0" encoding="UTF-8"?>
<coverage generated="1685277718928" clover="3.2.0">
  <project timestamp="1685277718928" name="All files">
    <metrics statements="63" coveredstatements="63" conditionals="14" coveredconditionals="12" methods="15" coveredmethods="15" elements="92" coveredelements="90" complexity="0" loc="63" ncloc="63" packages="1" files="1" classes="1"/>
    <file name="lib.ts" path="/Users/megacuck/Projects/personal/travelord/src/lib.ts">
      <metrics statements="63" coveredstatements="63" conditionals="14" coveredconditionals="12" methods="15" coveredmethods="15"/>
      <line num="1" count="1" type="stmt"/>
      <line num="2" count="1" type="stmt"/>
      <line num="3" count="1" type="stmt"/>
      <line num="17" count="1" type="stmt"/>
      <line num="18" count="1" type="stmt"/>
      <line num="19" count="15" type="stmt"/>
      <line num="20" count="10201" type="stmt"/>
      <line num="27" count="44725" type="stmt"/>
      <line num="34" count="6400" type="stmt"/>
      <line num="42" count="1" type="stmt"/>
      <line num="43" count="6384" type="stmt"/>
      <line num="44" count="6384" type="stmt"/>
      <line num="45" count="6384" type="stmt"/>
      <line num="47" count="6384" type="stmt"/>
      <line num="52" count="6384" type="stmt"/>
      <line num="53" count="6384" type="stmt"/>
      <line num="54" count="6384" type="stmt"/>
      <line num="63" count="1" type="stmt"/>
      <line num="64" count="6395" type="stmt"/>
      <line num="65" count="6395" type="stmt"/>
      <line num="66" count="6395" type="stmt"/>
      <line num="67" count="6395" type="stmt"/>
      <line num="69" count="6395" type="stmt"/>
      <line num="71" count="6395" type="stmt"/>
      <line num="72" count="6395" type="stmt"/>
      <line num="75" count="6395" type="stmt"/>
      <line num="84" count="1" type="stmt"/>
      <line num="88" count="6352" type="stmt"/>
      <line num="90" count="6352" type="cond" truecount="2" falsecount="0"/>
      <line num="103" count="1" type="stmt"/>
      <line num="109" count="6" type="stmt"/>
      <line num="110" count="6" type="stmt"/>
      <line num="111" count="6" type="stmt"/>
      <line num="112" count="412" type="stmt"/>
      <line num="113" count="412" type="stmt"/>
      <line num="114" count="412" type="stmt"/>
      <line num="115" count="412" type="cond" truecount="2" falsecount="0"/>
      <line num="126" count="1" type="stmt"/>
      <line num="136" count="5" type="stmt"/>
      <line num="137" count="5" type="stmt"/>
      <line num="138" count="5" type="stmt"/>
      <line num="139" count="5" type="stmt"/>
      <line num="141" count="5" type="stmt"/>
      <line num="143" count="5" type="stmt"/>
      <line num="144" count="412" type="stmt"/>
      <line num="148" count="412" type="stmt"/>
      <line num="149" count="412" type="cond" truecount="1" falsecount="0"/>
      <line num="150" count="412" type="cond" truecount="1" falsecount="0"/>
      <line num="151" count="412" type="cond" truecount="1" falsecount="0"/>
      <line num="152" count="412" type="cond" truecount="1" falsecount="0"/>
      <line num="155" count="5" type="stmt"/>
      <line num="173" count="1" type="stmt"/>
      <line num="181" count="5" type="stmt"/>
      <line num="182" count="5" type="stmt"/>
      <line num="183" count="5" type="stmt"/>
      <line num="184" count="5" type="stmt"/>
      <line num="186" count="5" type="stmt"/>
      <line num="187" count="5098" type="stmt"/>
      <line num="191" count="5098" type="stmt"/>
      <line num="192" count="5098" type="stmt"/>
      <line num="198" count="2549" type="stmt"/>
      <line num="213" count="1" type="stmt"/>
      <line num="221" count="3" type="stmt"/>
    </file>
  </project>
</coverage>
