<?xml version="1.0" encoding="UTF-8"?>
<coverage generated="1685265887595" clover="3.2.0">
  <project timestamp="1685265887595" name="All files">
    <metrics statements="57" coveredstatements="57" conditionals="12" coveredconditionals="12" methods="14" coveredmethods="14" elements="83" coveredelements="83" complexity="0" loc="57" ncloc="57" packages="1" files="1" classes="1"/>
    <file name="lib.ts" path="/Users/megacuck/Projects/personal/travelord/src/lib.ts">
      <metrics statements="57" coveredstatements="57" conditionals="12" coveredconditionals="12" methods="14" coveredmethods="14"/>
      <line num="1" count="1" type="stmt"/>
      <line num="2" count="1" type="stmt"/>
      <line num="3" count="1" type="stmt"/>
      <line num="17" count="1" type="stmt"/>
      <line num="18" count="1" type="stmt"/>
      <line num="19" count="17" type="stmt"/>
      <line num="20" count="133" type="stmt"/>
      <line num="27" count="1296" type="stmt"/>
      <line num="35" count="1" type="stmt"/>
      <line num="36" count="95" type="stmt"/>
      <line num="37" count="95" type="stmt"/>
      <line num="38" count="95" type="stmt"/>
      <line num="40" count="95" type="stmt"/>
      <line num="45" count="95" type="stmt"/>
      <line num="46" count="95" type="stmt"/>
      <line num="47" count="95" type="stmt"/>
      <line num="56" count="1" type="stmt"/>
      <line num="57" count="152" type="stmt"/>
      <line num="58" count="152" type="stmt"/>
      <line num="60" count="152" type="stmt"/>
      <line num="62" count="152" type="stmt"/>
      <line num="63" count="152" type="stmt"/>
      <line num="72" count="1" type="stmt"/>
      <line num="76" count="133" type="stmt"/>
      <line num="77" count="133" type="cond" truecount="2" falsecount="0"/>
      <line num="88" count="1" type="stmt"/>
      <line num="94" count="8" type="stmt"/>
      <line num="95" count="8" type="stmt"/>
      <line num="96" count="37" type="stmt"/>
      <line num="97" count="37" type="stmt"/>
      <line num="98" count="37" type="stmt"/>
      <line num="109" count="1" type="stmt"/>
      <line num="119" count="6" type="stmt"/>
      <line num="120" count="6" type="stmt"/>
      <line num="121" count="6" type="stmt"/>
      <line num="122" count="6" type="stmt"/>
      <line num="124" count="6" type="stmt"/>
      <line num="126" count="6" type="stmt"/>
      <line num="127" count="27" type="stmt"/>
      <line num="131" count="27" type="stmt"/>
      <line num="132" count="27" type="cond" truecount="1" falsecount="0"/>
      <line num="133" count="27" type="cond" truecount="1" falsecount="0"/>
      <line num="134" count="27" type="cond" truecount="1" falsecount="0"/>
      <line num="135" count="27" type="cond" truecount="1" falsecount="0"/>
      <line num="138" count="6" type="stmt"/>
      <line num="156" count="1" type="stmt"/>
      <line num="164" count="6" type="stmt"/>
      <line num="165" count="6" type="stmt"/>
      <line num="166" count="6" type="stmt"/>
      <line num="167" count="6" type="stmt"/>
      <line num="169" count="6" type="stmt"/>
      <line num="170" count="64" type="stmt"/>
      <line num="174" count="64" type="stmt"/>
      <line num="175" count="64" type="stmt"/>
      <line num="181" count="32" type="stmt"/>
      <line num="196" count="1" type="stmt"/>
      <line num="204" count="4" type="stmt"/>
    </file>
  </project>
</coverage>
