{"/Users/megacuck/Projects/personal/travelord/src/lib.ts": {"path":"/Users/megacuck/Projects/personal/travelord/src/lib.ts","statementMap":{"0":{"start":{"line":1,"column":13},"end":{"line":1,"column":41}},"1":{"start":{"line":2,"column":13},"end":{"line":2,"column":35}},"2":{"start":{"line":3,"column":13},"end":{"line":3,"column":34}},"3":{"start":{"line":18,"column":4},"end":{"line":20,"column":35}},"4":{"start":{"line":19,"column":4},"end":{"line":20,"column":35}},"5":{"start":{"line":20,"column":8},"end":{"line":20,"column":35}},"6":{"start":{"line":17,"column":13},"end":{"line":17,"column":null}},"7":{"start":{"line":27,"column":23},"end":{"line":27,"column":69}},"8":{"start":{"line":27,"column":48},"end":{"line":27,"column":69}},"9":{"start":{"line":27,"column":13},"end":{"line":27,"column":23}},"10":{"start":{"line":35,"column":33},"end":{"line":48,"column":1}},"11":{"start":{"line":36,"column":14},"end":{"line":36,"column":18}},"12":{"start":{"line":37,"column":17},"end":{"line":37,"column":39}},"13":{"start":{"line":38,"column":17},"end":{"line":38,"column":39}},"14":{"start":{"line":40,"column":8},"end":{"line":44,"column":30}},"15":{"start":{"line":45,"column":14},"end":{"line":45,"column":60}},"16":{"start":{"line":46,"column":21},"end":{"line":46,"column":26}},"17":{"start":{"line":47,"column":4},"end":{"line":47,"column":20}},"18":{"start":{"line":35,"column":13},"end":{"line":35,"column":33}},"19":{"start":{"line":56,"column":32},"end":{"line":64,"column":1}},"20":{"start":{"line":57,"column":17},"end":{"line":57,"column":39}},"21":{"start":{"line":58,"column":14},"end":{"line":58,"column":55}},"22":{"start":{"line":60,"column":8},"end":{"line":61,"column":76}},"23":{"start":{"line":62,"column":20},"end":{"line":62,"column":54}},"24":{"start":{"line":63,"column":4},"end":{"line":63,"column":33}},"25":{"start":{"line":56,"column":13},"end":{"line":56,"column":32}},"26":{"start":{"line":72,"column":36},"end":{"line":78,"column":1}},"27":{"start":{"line":76,"column":17},"end":{"line":76,"column":46}},"28":{"start":{"line":77,"column":4},"end":{"line":77,"column":42}},"29":{"start":{"line":72,"column":13},"end":{"line":72,"column":36}},"30":{"start":{"line":88,"column":28},"end":{"line":100,"column":1}},"31":{"start":{"line":94,"column":26},"end":{"line":94,"column":54}},"32":{"start":{"line":95,"column":4},"end":{"line":99,"column":7}},"33":{"start":{"line":96,"column":24},"end":{"line":96,"column":54}},"34":{"start":{"line":97,"column":28},"end":{"line":97,"column":72}},"35":{"start":{"line":98,"column":8},"end":{"line":98,"column":40}},"36":{"start":{"line":88,"column":13},"end":{"line":88,"column":28}},"37":{"start":{"line":109,"column":37},"end":{"line":144,"column":1}},"38":{"start":{"line":119,"column":22},"end":{"line":119,"column":30}},"39":{"start":{"line":120,"column":22},"end":{"line":120,"column":31}},"40":{"start":{"line":121,"column":25},"end":{"line":121,"column":33}},"41":{"start":{"line":122,"column":25},"end":{"line":122,"column":34}},"42":{"start":{"line":124,"column":26},"end":{"line":124,"column":54}},"43":{"start":{"line":126,"column":4},"end":{"line":136,"column":7}},"44":{"start":{"line":127,"column":28},"end":{"line":129,"column":null}},"45":{"start":{"line":131,"column":34},"end":{"line":131,"column":65}},"46":{"start":{"line":132,"column":8},"end":{"line":132,"column":77}},"47":{"start":{"line":132,"column":45},"end":{"line":132,"column":77}},"48":{"start":{"line":133,"column":8},"end":{"line":133,"column":77}},"49":{"start":{"line":133,"column":45},"end":{"line":133,"column":77}},"50":{"start":{"line":134,"column":8},"end":{"line":134,"column":71}},"51":{"start":{"line":134,"column":42},"end":{"line":134,"column":71}},"52":{"start":{"line":135,"column":8},"end":{"line":135,"column":71}},"53":{"start":{"line":135,"column":42},"end":{"line":135,"column":71}},"54":{"start":{"line":138,"column":4},"end":{"line":143,"column":6}},"55":{"start":{"line":109,"column":13},"end":{"line":109,"column":37}},"56":{"start":{"line":156,"column":26},"end":{"line":182,"column":1}},"57":{"start":{"line":164,"column":8},"end":{"line":164,"column":49}},"58":{"start":{"line":165,"column":26},"end":{"line":165,"column":54}},"59":{"start":{"line":166,"column":24},"end":{"line":166,"column":65}},"60":{"start":{"line":167,"column":25},"end":{"line":167,"column":60}},"61":{"start":{"line":169,"column":18},"end":{"line":179,"column":5}},"62":{"start":{"line":170,"column":28},"end":{"line":172,"column":null}},"63":{"start":{"line":174,"column":34},"end":{"line":174,"column":65}},"64":{"start":{"line":175,"column":8},"end":{"line":178,"column":10}},"65":{"start":{"line":181,"column":4},"end":{"line":181,"column":54}},"66":{"start":{"line":181,"column":33},"end":{"line":181,"column":52}},"67":{"start":{"line":156,"column":13},"end":{"line":156,"column":26}},"68":{"start":{"line":196,"column":38},"end":{"line":209,"column":null}},"69":{"start":{"line":204,"column":4},"end":{"line":209,"column":null}},"70":{"start":{"line":196,"column":13},"end":{"line":196,"column":38}}},"fnMap":{"0":{"name":"(anonymous_0)","decl":{"start":{"line":18,"column":4},"end":{"line":18,"column":5}},"loc":{"start":{"line":19,"column":4},"end":{"line":20,"column":35}}},"1":{"name":"(anonymous_1)","decl":{"start":{"line":19,"column":4},"end":{"line":19,"column":5}},"loc":{"start":{"line":20,"column":8},"end":{"line":20,"column":35}}},"2":{"name":"(anonymous_2)","decl":{"start":{"line":27,"column":23},"end":{"line":27,"column":24}},"loc":{"start":{"line":27,"column":48},"end":{"line":27,"column":69}}},"3":{"name":"(anonymous_3)","decl":{"start":{"line":35,"column":33},"end":{"line":35,"column":34}},"loc":{"start":{"line":35,"column":76},"end":{"line":48,"column":1}}},"4":{"name":"(anonymous_4)","decl":{"start":{"line":56,"column":32},"end":{"line":56,"column":33}},"loc":{"start":{"line":56,"column":75},"end":{"line":64,"column":1}}},"5":{"name":"(anonymous_5)","decl":{"start":{"line":72,"column":36},"end":{"line":72,"column":null}},"loc":{"start":{"line":75,"column":12},"end":{"line":78,"column":1}}},"6":{"name":"(anonymous_6)","decl":{"start":{"line":88,"column":28},"end":{"line":88,"column":null}},"loc":{"start":{"line":93,"column":19},"end":{"line":100,"column":1}}},"7":{"name":"(anonymous_7)","decl":{"start":{"line":95,"column":25},"end":{"line":95,"column":26}},"loc":{"start":{"line":95,"column":35},"end":{"line":99,"column":5}}},"8":{"name":"(anonymous_8)","decl":{"start":{"line":109,"column":37},"end":{"line":109,"column":null}},"loc":{"start":{"line":118,"column":4},"end":{"line":144,"column":1}}},"9":{"name":"(anonymous_9)","decl":{"start":{"line":126,"column":19},"end":{"line":126,"column":20}},"loc":{"start":{"line":126,"column":29},"end":{"line":136,"column":5}}},"10":{"name":"(anonymous_10)","decl":{"start":{"line":156,"column":26},"end":{"line":156,"column":null}},"loc":{"start":{"line":162,"column":19},"end":{"line":182,"column":1}}},"11":{"name":"(anonymous_11)","decl":{"start":{"line":169,"column":18},"end":{"line":169,"column":19}},"loc":{"start":{"line":169,"column":49},"end":{"line":179,"column":5}}},"12":{"name":"(anonymous_12)","decl":{"start":{"line":181,"column":23},"end":{"line":181,"column":24}},"loc":{"start":{"line":181,"column":33},"end":{"line":181,"column":52}}},"13":{"name":"(anonymous_13)","decl":{"start":{"line":196,"column":38},"end":{"line":196,"column":null}},"loc":{"start":{"line":204,"column":4},"end":{"line":209,"column":null}}}},"branchMap":{"0":{"loc":{"start":{"line":77,"column":11},"end":{"line":77,"column":41}},"type":"cond-expr","locations":[{"start":{"line":77,"column":24},"end":{"line":77,"column":34}},{"start":{"line":77,"column":37},"end":{"line":77,"column":41}}]},"1":{"loc":{"start":{"line":92,"column":4},"end":{"line":92,"column":38}},"type":"default-arg","locations":[{"start":{"line":92,"column":16},"end":{"line":92,"column":38}}]},"2":{"loc":{"start":{"line":132,"column":8},"end":{"line":132,"column":77}},"type":"if","locations":[{"start":{"line":132,"column":8},"end":{"line":132,"column":77}}]},"3":{"loc":{"start":{"line":133,"column":8},"end":{"line":133,"column":77}},"type":"if","locations":[{"start":{"line":133,"column":8},"end":{"line":133,"column":77}}]},"4":{"loc":{"start":{"line":134,"column":8},"end":{"line":134,"column":71}},"type":"if","locations":[{"start":{"line":134,"column":8},"end":{"line":134,"column":71}}]},"5":{"loc":{"start":{"line":135,"column":8},"end":{"line":135,"column":71}},"type":"if","locations":[{"start":{"line":135,"column":8},"end":{"line":135,"column":71}}]},"6":{"loc":{"start":{"line":160,"column":4},"end":{"line":160,"column":36}},"type":"default-arg","locations":[{"start":{"line":160,"column":21},"end":{"line":160,"column":36}}]},"7":{"loc":{"start":{"line":161,"column":4},"end":{"line":161,"column":34}},"type":"default-arg","locations":[{"start":{"line":161,"column":20},"end":{"line":161,"column":34}}]},"8":{"loc":{"start":{"line":200,"column":4},"end":{"line":200,"column":36}},"type":"default-arg","locations":[{"start":{"line":200,"column":21},"end":{"line":200,"column":36}}]},"9":{"loc":{"start":{"line":201,"column":4},"end":{"line":201,"column":34}},"type":"default-arg","locations":[{"start":{"line":201,"column":20},"end":{"line":201,"column":34}}]},"10":{"loc":{"start":{"line":202,"column":4},"end":{"line":202,"column":38}},"type":"default-arg","locations":[{"start":{"line":202,"column":16},"end":{"line":202,"column":38}}]}},"s":{"0":1,"1":1,"2":1,"3":1,"4":17,"5":133,"6":1,"7":1,"8":1296,"9":1,"10":1,"11":95,"12":95,"13":95,"14":95,"15":95,"16":95,"17":95,"18":1,"19":1,"20":152,"21":152,"22":152,"23":152,"24":152,"25":1,"26":1,"27":133,"28":133,"29":1,"30":1,"31":8,"32":8,"33":37,"34":37,"35":37,"36":1,"37":1,"38":6,"39":6,"40":6,"41":6,"42":6,"43":6,"44":27,"45":27,"46":27,"47":9,"48":27,"49":20,"50":27,"51":15,"52":27,"53":9,"54":6,"55":1,"56":1,"57":6,"58":6,"59":6,"60":6,"61":6,"62":64,"63":64,"64":64,"65":6,"66":32,"67":1,"68":1,"69":4,"70":1},"f":{"0":17,"1":133,"2":1296,"3":95,"4":152,"5":133,"6":8,"7":37,"8":6,"9":27,"10":6,"11":64,"12":32,"13":4},"b":{"0":[1,132],"1":[1],"2":[9],"3":[20],"4":[15],"5":[9],"6":[1],"7":[1],"8":[2],"9":[2],"10":[3]}}
}
