{"/Users/megacuck/Projects/personal/travelord/src/lib.ts": {"path":"/Users/megacuck/Projects/personal/travelord/src/lib.ts","statementMap":{"0":{"start":{"line":1,"column":13},"end":{"line":1,"column":41}},"1":{"start":{"line":2,"column":13},"end":{"line":2,"column":35}},"2":{"start":{"line":3,"column":13},"end":{"line":3,"column":34}},"3":{"start":{"line":18,"column":4},"end":{"line":20,"column":35}},"4":{"start":{"line":19,"column":4},"end":{"line":20,"column":35}},"5":{"start":{"line":20,"column":8},"end":{"line":20,"column":35}},"6":{"start":{"line":17,"column":13},"end":{"line":17,"column":null}},"7":{"start":{"line":27,"column":23},"end":{"line":27,"column":69}},"8":{"start":{"line":27,"column":48},"end":{"line":27,"column":69}},"9":{"start":{"line":27,"column":13},"end":{"line":27,"column":23}},"10":{"start":{"line":34,"column":23},"end":{"line":34,"column":61}},"11":{"start":{"line":34,"column":40},"end":{"line":34,"column":61}},"12":{"start":{"line":34,"column":13},"end":{"line":34,"column":23}},"13":{"start":{"line":42,"column":33},"end":{"line":55,"column":1}},"14":{"start":{"line":43,"column":14},"end":{"line":43,"column":18}},"15":{"start":{"line":44,"column":17},"end":{"line":44,"column":39}},"16":{"start":{"line":45,"column":17},"end":{"line":45,"column":39}},"17":{"start":{"line":47,"column":8},"end":{"line":51,"column":30}},"18":{"start":{"line":52,"column":14},"end":{"line":52,"column":60}},"19":{"start":{"line":53,"column":21},"end":{"line":53,"column":26}},"20":{"start":{"line":54,"column":4},"end":{"line":54,"column":20}},"21":{"start":{"line":42,"column":13},"end":{"line":42,"column":33}},"22":{"start":{"line":63,"column":32},"end":{"line":76,"column":1}},"23":{"start":{"line":64,"column":15},"end":{"line":64,"column":37}},"24":{"start":{"line":65,"column":15},"end":{"line":65,"column":29}},"25":{"start":{"line":66,"column":15},"end":{"line":66,"column":29}},"26":{"start":{"line":67,"column":14},"end":{"line":67,"column":41}},"27":{"start":{"line":69,"column":8},"end":{"line":70,"column":50}},"28":{"start":{"line":71,"column":23},"end":{"line":71,"column":39}},"29":{"start":{"line":72,"column":23},"end":{"line":72,"column":42}},"30":{"start":{"line":75,"column":4},"end":{"line":75,"column":36}},"31":{"start":{"line":63,"column":13},"end":{"line":63,"column":32}},"32":{"start":{"line":84,"column":36},"end":{"line":91,"column":1}},"33":{"start":{"line":88,"column":17},"end":{"line":88,"column":46}},"34":{"start":{"line":90,"column":4},"end":{"line":90,"column":42}},"35":{"start":{"line":84,"column":13},"end":{"line":84,"column":36}},"36":{"start":{"line":103,"column":28},"end":{"line":117,"column":1}},"37":{"start":{"line":109,"column":26},"end":{"line":109,"column":54}},"38":{"start":{"line":110,"column":27},"end":{"line":110,"column":56}},"39":{"start":{"line":111,"column":4},"end":{"line":116,"column":7}},"40":{"start":{"line":112,"column":24},"end":{"line":112,"column":54}},"41":{"start":{"line":113,"column":28},"end":{"line":113,"column":72}},"42":{"start":{"line":114,"column":25},"end":{"line":114,"column":56}},"43":{"start":{"line":115,"column":8},"end":{"line":115,"column":70}},"44":{"start":{"line":103,"column":13},"end":{"line":103,"column":28}},"45":{"start":{"line":126,"column":37},"end":{"line":161,"column":1}},"46":{"start":{"line":136,"column":22},"end":{"line":136,"column":30}},"47":{"start":{"line":137,"column":22},"end":{"line":137,"column":31}},"48":{"start":{"line":138,"column":25},"end":{"line":138,"column":33}},"49":{"start":{"line":139,"column":25},"end":{"line":139,"column":34}},"50":{"start":{"line":141,"column":26},"end":{"line":141,"column":54}},"51":{"start":{"line":143,"column":4},"end":{"line":153,"column":7}},"52":{"start":{"line":144,"column":28},"end":{"line":146,"column":null}},"53":{"start":{"line":148,"column":34},"end":{"line":148,"column":65}},"54":{"start":{"line":149,"column":8},"end":{"line":149,"column":77}},"55":{"start":{"line":149,"column":45},"end":{"line":149,"column":77}},"56":{"start":{"line":150,"column":8},"end":{"line":150,"column":77}},"57":{"start":{"line":150,"column":45},"end":{"line":150,"column":77}},"58":{"start":{"line":151,"column":8},"end":{"line":151,"column":71}},"59":{"start":{"line":151,"column":42},"end":{"line":151,"column":71}},"60":{"start":{"line":152,"column":8},"end":{"line":152,"column":71}},"61":{"start":{"line":152,"column":42},"end":{"line":152,"column":71}},"62":{"start":{"line":155,"column":4},"end":{"line":160,"column":6}},"63":{"start":{"line":126,"column":13},"end":{"line":126,"column":37}},"64":{"start":{"line":173,"column":26},"end":{"line":199,"column":1}},"65":{"start":{"line":181,"column":8},"end":{"line":181,"column":49}},"66":{"start":{"line":182,"column":26},"end":{"line":182,"column":54}},"67":{"start":{"line":183,"column":24},"end":{"line":183,"column":65}},"68":{"start":{"line":184,"column":25},"end":{"line":184,"column":60}},"69":{"start":{"line":186,"column":18},"end":{"line":196,"column":5}},"70":{"start":{"line":187,"column":28},"end":{"line":189,"column":null}},"71":{"start":{"line":191,"column":34},"end":{"line":191,"column":65}},"72":{"start":{"line":192,"column":8},"end":{"line":195,"column":10}},"73":{"start":{"line":198,"column":4},"end":{"line":198,"column":54}},"74":{"start":{"line":198,"column":33},"end":{"line":198,"column":52}},"75":{"start":{"line":173,"column":13},"end":{"line":173,"column":26}},"76":{"start":{"line":213,"column":38},"end":{"line":226,"column":null}},"77":{"start":{"line":221,"column":4},"end":{"line":226,"column":null}},"78":{"start":{"line":213,"column":13},"end":{"line":213,"column":38}}},"fnMap":{"0":{"name":"(anonymous_0)","decl":{"start":{"line":18,"column":4},"end":{"line":18,"column":5}},"loc":{"start":{"line":19,"column":4},"end":{"line":20,"column":35}}},"1":{"name":"(anonymous_1)","decl":{"start":{"line":19,"column":4},"end":{"line":19,"column":5}},"loc":{"start":{"line":20,"column":8},"end":{"line":20,"column":35}}},"2":{"name":"(anonymous_2)","decl":{"start":{"line":27,"column":23},"end":{"line":27,"column":24}},"loc":{"start":{"line":27,"column":48},"end":{"line":27,"column":69}}},"3":{"name":"(anonymous_3)","decl":{"start":{"line":34,"column":23},"end":{"line":34,"column":24}},"loc":{"start":{"line":34,"column":40},"end":{"line":34,"column":61}}},"4":{"name":"(anonymous_4)","decl":{"start":{"line":42,"column":33},"end":{"line":42,"column":34}},"loc":{"start":{"line":42,"column":76},"end":{"line":55,"column":1}}},"5":{"name":"(anonymous_5)","decl":{"start":{"line":63,"column":32},"end":{"line":63,"column":33}},"loc":{"start":{"line":63,"column":75},"end":{"line":76,"column":1}}},"6":{"name":"(anonymous_6)","decl":{"start":{"line":84,"column":36},"end":{"line":84,"column":null}},"loc":{"start":{"line":87,"column":12},"end":{"line":91,"column":1}}},"7":{"name":"(anonymous_7)","decl":{"start":{"line":103,"column":28},"end":{"line":103,"column":null}},"loc":{"start":{"line":108,"column":19},"end":{"line":117,"column":1}}},"8":{"name":"(anonymous_8)","decl":{"start":{"line":111,"column":25},"end":{"line":111,"column":26}},"loc":{"start":{"line":111,"column":35},"end":{"line":116,"column":5}}},"9":{"name":"(anonymous_9)","decl":{"start":{"line":126,"column":37},"end":{"line":126,"column":null}},"loc":{"start":{"line":135,"column":4},"end":{"line":161,"column":1}}},"10":{"name":"(anonymous_10)","decl":{"start":{"line":143,"column":19},"end":{"line":143,"column":20}},"loc":{"start":{"line":143,"column":29},"end":{"line":153,"column":5}}},"11":{"name":"(anonymous_11)","decl":{"start":{"line":173,"column":26},"end":{"line":173,"column":null}},"loc":{"start":{"line":179,"column":19},"end":{"line":199,"column":1}}},"12":{"name":"(anonymous_12)","decl":{"start":{"line":186,"column":18},"end":{"line":186,"column":19}},"loc":{"start":{"line":186,"column":49},"end":{"line":196,"column":5}}},"13":{"name":"(anonymous_13)","decl":{"start":{"line":198,"column":23},"end":{"line":198,"column":24}},"loc":{"start":{"line":198,"column":33},"end":{"line":198,"column":52}}},"14":{"name":"(anonymous_14)","decl":{"start":{"line":213,"column":38},"end":{"line":213,"column":null}},"loc":{"start":{"line":221,"column":4},"end":{"line":226,"column":null}}}},"branchMap":{"0":{"loc":{"start":{"line":90,"column":11},"end":{"line":90,"column":41}},"type":"cond-expr","locations":[{"start":{"line":90,"column":24},"end":{"line":90,"column":34}},{"start":{"line":90,"column":37},"end":{"line":90,"column":41}}]},"1":{"loc":{"start":{"line":107,"column":4},"end":{"line":107,"column":38}},"type":"default-arg","locations":[{"start":{"line":107,"column":16},"end":{"line":107,"column":38}}]},"2":{"loc":{"start":{"line":115,"column":15},"end":{"line":115,"column":69}},"type":"binary-expr","locations":[{"start":{"line":115,"column":15},"end":{"line":115,"column":39}},{"start":{"line":115,"column":43},"end":{"line":115,"column":69}}]},"3":{"loc":{"start":{"line":149,"column":8},"end":{"line":149,"column":77}},"type":"if","locations":[{"start":{"line":149,"column":8},"end":{"line":149,"column":77}}]},"4":{"loc":{"start":{"line":150,"column":8},"end":{"line":150,"column":77}},"type":"if","locations":[{"start":{"line":150,"column":8},"end":{"line":150,"column":77}}]},"5":{"loc":{"start":{"line":151,"column":8},"end":{"line":151,"column":71}},"type":"if","locations":[{"start":{"line":151,"column":8},"end":{"line":151,"column":71}}]},"6":{"loc":{"start":{"line":152,"column":8},"end":{"line":152,"column":71}},"type":"if","locations":[{"start":{"line":152,"column":8},"end":{"line":152,"column":71}}]},"7":{"loc":{"start":{"line":177,"column":4},"end":{"line":177,"column":36}},"type":"default-arg","locations":[{"start":{"line":177,"column":21},"end":{"line":177,"column":36}}]},"8":{"loc":{"start":{"line":178,"column":4},"end":{"line":178,"column":34}},"type":"default-arg","locations":[{"start":{"line":178,"column":20},"end":{"line":178,"column":34}}]},"9":{"loc":{"start":{"line":217,"column":4},"end":{"line":217,"column":36}},"type":"default-arg","locations":[{"start":{"line":217,"column":21},"end":{"line":217,"column":36}}]},"10":{"loc":{"start":{"line":218,"column":4},"end":{"line":218,"column":34}},"type":"default-arg","locations":[{"start":{"line":218,"column":20},"end":{"line":218,"column":34}}]},"11":{"loc":{"start":{"line":219,"column":4},"end":{"line":219,"column":38}},"type":"default-arg","locations":[{"start":{"line":219,"column":16},"end":{"line":219,"column":38}}]}},"s":{"0":1,"1":1,"2":1,"3":1,"4":15,"5":10201,"6":1,"7":1,"8":44725,"9":1,"10":1,"11":6400,"12":1,"13":1,"14":6384,"15":6384,"16":6384,"17":6384,"18":6384,"19":6384,"20":6384,"21":1,"22":1,"23":6395,"24":6395,"25":6395,"26":6395,"27":6395,"28":6395,"29":6395,"30":6395,"31":1,"32":1,"33":6352,"34":6352,"35":1,"36":1,"37":6,"38":6,"39":6,"40":412,"41":412,"42":412,"43":412,"44":1,"45":1,"46":5,"47":5,"48":5,"49":5,"50":5,"51":5,"52":412,"53":412,"54":412,"55":7,"56":412,"57":214,"58":412,"59":28,"60":412,"61":16,"62":5,"63":1,"64":1,"65":5,"66":5,"67":5,"68":5,"69":5,"70":5098,"71":5098,"72":5098,"73":5,"74":2549,"75":1,"76":1,"77":3,"78":1},"f":{"0":15,"1":10201,"2":44725,"3":6400,"4":6384,"5":6395,"6":6352,"7":6,"8":412,"9":5,"10":412,"11":5,"12":5098,"13":2549,"14":3},"b":{"0":[1734,4618],"1":[1],"2":[412,256],"3":[7],"4":[214],"5":[28],"6":[16],"7":[0],"8":[0],"9":[1],"10":[1],"11":[2]}}
}
