TN:
SF:src/lib.ts
FN:18,(anonymous_0)
FN:19,(anonymous_1)
FN:27,(anonymous_2)
FN:35,(anonymous_3)
FN:56,(anonymous_4)
FN:72,(anonymous_5)
FN:88,(anonymous_6)
FN:95,(anonymous_7)
FN:109,(anonymous_8)
FN:126,(anonymous_9)
FN:156,(anonymous_10)
FN:169,(anonymous_11)
FN:181,(anonymous_12)
FN:196,(anonymous_13)
FNF:14
FNH:14
FNDA:17,(anonymous_0)
FNDA:133,(anonymous_1)
FNDA:1296,(anonymous_2)
FNDA:95,(anonymous_3)
FNDA:152,(anonymous_4)
FNDA:133,(anonymous_5)
FNDA:8,(anonymous_6)
FNDA:37,(anonymous_7)
FNDA:6,(anonymous_8)
FNDA:27,(anonymous_9)
FNDA:6,(anonymous_10)
FNDA:64,(anonymous_11)
FNDA:32,(anonymous_12)
FNDA:4,(anonymous_13)
DA:1,1
DA:2,1
DA:3,1
DA:17,1
DA:18,1
DA:19,17
DA:20,133
DA:27,1296
DA:35,1
DA:36,95
DA:37,95
DA:38,95
DA:40,95
DA:45,95
DA:46,95
DA:47,95
DA:56,1
DA:57,152
DA:58,152
DA:60,152
DA:62,152
DA:63,152
DA:72,1
DA:76,133
DA:77,133
DA:88,1
DA:94,8
DA:95,8
DA:96,37
DA:97,37
DA:98,37
DA:109,1
DA:119,6
DA:120,6
DA:121,6
DA:122,6
DA:124,6
DA:126,6
DA:127,27
DA:131,27
DA:132,27
DA:133,27
DA:134,27
DA:135,27
DA:138,6
DA:156,1
DA:164,6
DA:165,6
DA:166,6
DA:167,6
DA:169,6
DA:170,64
DA:174,64
DA:175,64
DA:181,32
DA:196,1
DA:204,4
LF:57
LH:57
BRDA:77,0,0,1
BRDA:77,0,1,132
BRDA:92,1,0,1
BRDA:132,2,0,9
BRDA:133,3,0,20
BRDA:134,4,0,15
BRDA:135,5,0,9
BRDA:160,6,0,1
BRDA:161,7,0,1
BRDA:200,8,0,2
BRDA:201,9,0,2
BRDA:202,10,0,3
BRF:12
BRH:12
end_of_record
