TN:
SF:src/lib.ts
FN:18,(anonymous_0)
FN:19,(anonymous_1)
FN:27,(anonymous_2)
FN:34,(anonymous_3)
FN:42,(anonymous_4)
FN:63,(anonymous_5)
FN:84,(anonymous_6)
FN:103,(anonymous_7)
FN:111,(anonymous_8)
FN:126,(anonymous_9)
FN:143,(anonymous_10)
FN:173,(anonymous_11)
FN:186,(anonymous_12)
FN:198,(anonymous_13)
FN:213,(anonymous_14)
FNF:15
FNH:15
FNDA:15,(anonymous_0)
FNDA:10201,(anonymous_1)
FNDA:44725,(anonymous_2)
FNDA:6400,(anonymous_3)
FNDA:6384,(anonymous_4)
FNDA:6395,(anonymous_5)
FNDA:6352,(anonymous_6)
FNDA:6,(anonymous_7)
FNDA:412,(anonymous_8)
FNDA:5,(anonymous_9)
FNDA:412,(anonymous_10)
FNDA:5,(anonymous_11)
FNDA:5098,(anonymous_12)
FNDA:2549,(anonymous_13)
FNDA:3,(anonymous_14)
DA:1,1
DA:2,1
DA:3,1
DA:17,1
DA:18,1
DA:19,15
DA:20,10201
DA:27,44725
DA:34,6400
DA:42,1
DA:43,6384
DA:44,6384
DA:45,6384
DA:47,6384
DA:52,6384
DA:53,6384
DA:54,6384
DA:63,1
DA:64,6395
DA:65,6395
DA:66,6395
DA:67,6395
DA:69,6395
DA:71,6395
DA:72,6395
DA:75,6395
DA:84,1
DA:88,6352
DA:90,6352
DA:103,1
DA:109,6
DA:110,6
DA:111,6
DA:112,412
DA:113,412
DA:114,412
DA:115,412
DA:126,1
DA:136,5
DA:137,5
DA:138,5
DA:139,5
DA:141,5
DA:143,5
DA:144,412
DA:148,412
DA:149,412
DA:150,412
DA:151,412
DA:152,412
DA:155,5
DA:173,1
DA:181,5
DA:182,5
DA:183,5
DA:184,5
DA:186,5
DA:187,5098
DA:191,5098
DA:192,5098
DA:198,2549
DA:213,1
DA:221,3
LF:63
LH:63
BRDA:90,0,0,1734
BRDA:90,0,1,4618
BRDA:107,1,0,1
BRDA:115,2,0,412
BRDA:115,2,1,256
BRDA:149,3,0,7
BRDA:150,4,0,214
BRDA:151,5,0,28
BRDA:152,6,0,16
BRDA:177,7,0,0
BRDA:178,8,0,0
BRDA:217,9,0,1
BRDA:218,10,0,1
BRDA:219,11,0,2
BRF:14
BRH:12
end_of_record
